[     201ms] [WARNING] GoTrueClient@sb-wnvttwqlumxoiyfarmlx-auth-token:1 (2.103.0) 2026-06-18T03:20:19.617Z Multiple GoTrueClient instances detected in the same browser context. It is not an error, but this should be avoided as it may produce undefined behavior when used concurrently under the same storage key. @ https://meraki-app.vercel.app/_next/static/chunks/111_upqmph5-v.js:23
[     443ms] [WARNING] Error while trying to use the following icon from the Manifest: https://meraki-app.vercel.app/icons/icon-192.png (Download error or resource isn't a valid image) @ https://meraki-app.vercel.app/products:0
[   29860ms] [ERROR] Failed to load resource: the server responded with a status of 500 () @ https://meraki-app.vercel.app/api/upload-image:0
[   30009ms] [ERROR] Failed to load resource: the server responded with a status of 500 () @ https://meraki-app.vercel.app/api/upload-image:0
[   48305ms] [ERROR] Failed to load resource: the server responded with a status of 400 () @ https://meraki-app.vercel.app/api/upload-image:0
[  172632ms] [ERROR] Failed to load resource: the server responded with a status of 400 () @ https://wnvttwqlumxoiyfarmlx.supabase.co/rest/v1/orders:0
[  218632ms] [ERROR] Failed to load resource: the server responded with a status of 400 () @ https://wnvttwqlumxoiyfarmlx.supabase.co/rest/v1/orders?id=eq.506:0
[  218861ms] [ERROR] Failed to load resource: the server responded with a status of 400 () @ https://wnvttwqlumxoiyfarmlx.supabase.co/rest/v1/orders?id=eq.506:0
[  218974ms] [ERROR] Failed to load resource: the server responded with a status of 400 () @ https://wnvttwqlumxoiyfarmlx.supabase.co/rest/v1/orders?id=eq.506:0
[  219087ms] [ERROR] Failed to load resource: the server responded with a status of 400 () @ https://wnvttwqlumxoiyfarmlx.supabase.co/rest/v1/orders?id=eq.506:0
[  219202ms] [ERROR] Failed to load resource: the server responded with a status of 400 () @ https://wnvttwqlumxoiyfarmlx.supabase.co/rest/v1/orders?id=eq.506:0
[  219316ms] [ERROR] Failed to load resource: the server responded with a status of 400 () @ https://wnvttwqlumxoiyfarmlx.supabase.co/rest/v1/orders?id=eq.506:0
[  219446ms] [ERROR] Failed to load resource: the server responded with a status of 400 () @ https://wnvttwqlumxoiyfarmlx.supabase.co/rest/v1/orders?id=eq.506:0
[  219559ms] [ERROR] Failed to load resource: the server responded with a status of 400 () @ https://wnvttwqlumxoiyfarmlx.supabase.co/rest/v1/orders?id=eq.506:0
[  309518ms] [ERROR] Failed to load resource: the server responded with a status of 400 () @ https://wnvttwqlumxoiyfarmlx.supabase.co/rest/v1/orders?id=eq.511:0
[  309756ms] [ERROR] Failed to load resource: the server responded with a status of 400 () @ https://wnvttwqlumxoiyfarmlx.supabase.co/rest/v1/orders?id=eq.511:0
[  309876ms] [ERROR] Failed to load resource: the server responded with a status of 400 () @ https://wnvttwqlumxoiyfarmlx.supabase.co/rest/v1/orders?id=eq.511:0
[  309996ms] [ERROR] Failed to load resource: the server responded with a status of 400 () @ https://wnvttwqlumxoiyfarmlx.supabase.co/rest/v1/orders?id=eq.511:0
[  310111ms] [ERROR] Failed to load resource: the server responded with a status of 400 () @ https://wnvttwqlumxoiyfarmlx.supabase.co/rest/v1/orders?id=eq.511:0
[  310229ms] [ERROR] Failed to load resource: the server responded with a status of 400 () @ https://wnvttwqlumxoiyfarmlx.supabase.co/rest/v1/orders?id=eq.511:0
[  310351ms] [ERROR] Failed to load resource: the server responded with a status of 400 () @ https://wnvttwqlumxoiyfarmlx.supabase.co/rest/v1/orders?id=eq.511:0
[  310470ms] [ERROR] Failed to load resource: the server responded with a status of 400 () @ https://wnvttwqlumxoiyfarmlx.supabase.co/rest/v1/orders?id=eq.511:0
[  335217ms] [WARNING] GoTrueClient@sb-wnvttwqlumxoiyfarmlx-auth-token:1 (2.103.0) 2026-06-18T03:25:54.632Z Multiple GoTrueClient instances detected in the same browser context. It is not an error, but this should be avoided as it may produce undefined behavior when used concurrently under the same storage key. @ https://meraki-app.vercel.app/_next/static/chunks/111_upqmph5-v.js:23
[  335470ms] [WARNING] Error while trying to use the following icon from the Manifest: https://meraki-app.vercel.app/icons/icon-192.png (Download error or resource isn't a valid image) @ https://meraki-app.vercel.app/products:0
