[     447ms] [WARNING] Error while trying to use the following icon from the Manifest: https://meraki-app.vercel.app/icons/icon-192.png (Download error or resource isn't a valid image) @ https://meraki-app.vercel.app/login:0
[    8649ms] [ERROR] Failed to load resource: the server responded with a status of 401 () @ https://meraki-app.vercel.app/api/admin/users:0
[    8747ms] [ERROR] Failed to load resource: the server responded with a status of 401 () @ https://meraki-app.vercel.app/api/admin/audit:0
[    8845ms] [ERROR] Failed to load resource: the server responded with a status of 401 () @ https://meraki-app.vercel.app/api/admin/tenant:0
[    8945ms] [ERROR] Failed to load resource: the server responded with a status of 401 () @ https://meraki-app.vercel.app/api/billing:0
[    9046ms] [ERROR] Failed to load resource: the server responded with a status of 401 () @ https://meraki-app.vercel.app/api/superadmin/tenants:0
[    9142ms] [ERROR] Failed to load resource: the server responded with a status of 401 () @ https://meraki-app.vercel.app/api/superadmin/billing:0
[    9238ms] [ERROR] Failed to load resource: the server responded with a status of 401 () @ https://meraki-app.vercel.app/api/superadmin/metrics:0
[   10218ms] [ERROR] Failed to load resource: the server responded with a status of 401 () @ https://meraki-app.vercel.app/api/cron/run-agents:0
[   10313ms] [ERROR] Failed to load resource: the server responded with a status of 401 () @ https://meraki-app.vercel.app/api/agents:0
[   10412ms] [ERROR] Failed to load resource: the server responded with a status of 401 () @ https://meraki-app.vercel.app/api/automations/run:0
[   10568ms] [ERROR] Failed to load resource: the server responded with a status of 404 () @ https://meraki-app.vercel.app/api/products:0
[   10665ms] [ERROR] Failed to load resource: the server responded with a status of 404 () @ https://meraki-app.vercel.app/api/orders:0
[   10759ms] [ERROR] Failed to load resource: the server responded with a status of 404 () @ https://meraki-app.vercel.app/api/me:0
[   10859ms] [ERROR] Failed to load resource: the server responded with a status of 404 () @ https://meraki-app.vercel.app/api/auth/me:0
[   10963ms] [ERROR] Failed to load resource: the server responded with a status of 404 () @ https://meraki-app.vercel.app/api/user:0
[   11065ms] [ERROR] Failed to load resource: the server responded with a status of 401 () @ https://meraki-app.vercel.app/api/agents/run:0
[  191587ms] [WARNING] GoTrueClient@sb-wnvttwqlumxoiyfarmlx-auth-token:1 (2.103.0) 2026-06-18T02:23:49.299Z Multiple GoTrueClient instances detected in the same browser context. It is not an error, but this should be avoided as it may produce undefined behavior when used concurrently under the same storage key. @ https://meraki-app.vercel.app/_next/static/chunks/111_upqmph5-v.js:23
[  191932ms] [WARNING] Error while trying to use the following icon from the Manifest: https://meraki-app.vercel.app/icons/icon-192.png (Download error or resource isn't a valid image) @ https://meraki-app.vercel.app/dashboard:0
[  296481ms] [ERROR] Failed to load resource: the server responded with a status of 404 () @ https://wnvttwqlumxoiyfarmlx.supabase.co/rest/v1/businesses?select=*&limit=3:0
[  297009ms] [ERROR] Failed to load resource: the server responded with a status of 404 () @ https://wnvttwqlumxoiyfarmlx.supabase.co/rest/v1/payments?select=*&limit=3:0
[  297134ms] [ERROR] Failed to load resource: the server responded with a status of 404 () @ https://wnvttwqlumxoiyfarmlx.supabase.co/rest/v1/agents?select=*&limit=3:0
