[     504ms] [WARNING] GoTrueClient@sb-wnvttwqlumxoiyfarmlx-auth-token:1 (2.103.0) 2026-06-18T02:58:36.795Z Multiple GoTrueClient instances detected in the same browser context. It is not an error, but this should be avoided as it may produce undefined behavior when used concurrently under the same storage key. @ https://meraki-app.vercel.app/_next/static/chunks/111_upqmph5-v.js:23
[     828ms] [WARNING] Error while trying to use the following icon from the Manifest: https://meraki-app.vercel.app/icons/icon-192.png (Download error or resource isn't a valid image) @ https://meraki-app.vercel.app/assistant:0
[  110133ms] [ERROR] Failed to load resource: the server responded with a status of 400 () @ https://meraki-app.vercel.app/api/superadmin/billing:0
[  130444ms] [ERROR] Failed to load resource: the server responded with a status of 400 () @ https://meraki-app.vercel.app/api/superadmin/billing:0
[  130564ms] [ERROR] Failed to load resource: the server responded with a status of 400 () @ https://meraki-app.vercel.app/api/superadmin/billing:0
[  131130ms] [ERROR] Failed to load resource: the server responded with a status of 400 () @ https://meraki-app.vercel.app/api/superadmin/billing:0
[  131251ms] [ERROR] Failed to load resource: the server responded with a status of 400 () @ https://meraki-app.vercel.app/api/superadmin/billing:0
[  132093ms] [ERROR] Failed to load resource: the server responded with a status of 404 () @ https://meraki-app.vercel.app/api/superadmin/billing:0
[  132225ms] [ERROR] Failed to load resource: the server responded with a status of 400 () @ https://meraki-app.vercel.app/api/superadmin/billing:0
[  132349ms] [ERROR] Failed to load resource: the server responded with a status of 400 () @ https://meraki-app.vercel.app/api/superadmin/billing:0
[  132481ms] [ERROR] Failed to load resource: the server responded with a status of 400 () @ https://meraki-app.vercel.app/api/superadmin/billing:0
[  200598ms] [ERROR] Failed to load resource: the server responded with a status of 400 () @ https://meraki-app.vercel.app/api/superadmin/tenants:0
[  288735ms] [WARNING] GoTrueClient@sb-wnvttwqlumxoiyfarmlx-auth-token:1 (2.103.0) 2026-06-18T03:03:25.025Z Multiple GoTrueClient instances detected in the same browser context. It is not an error, but this should be avoided as it may produce undefined behavior when used concurrently under the same storage key. @ https://meraki-app.vercel.app/_next/static/chunks/111_upqmph5-v.js:23
[  288925ms] [WARNING] Error while trying to use the following icon from the Manifest: https://meraki-app.vercel.app/icons/icon-192.png (Download error or resource isn't a valid image) @ https://meraki-app.vercel.app/dashboard:0
[  302888ms] [WARNING] GoTrueClient@sb-wnvttwqlumxoiyfarmlx-auth-token:1 (2.103.0) 2026-06-18T03:03:39.179Z Multiple GoTrueClient instances detected in the same browser context. It is not an error, but this should be avoided as it may produce undefined behavior when used concurrently under the same storage key. @ https://meraki-app.vercel.app/_next/static/chunks/111_upqmph5-v.js:23
[  303137ms] [WARNING] Error while trying to use the following icon from the Manifest: https://meraki-app.vercel.app/icons/icon-192.png (Download error or resource isn't a valid image) @ https://meraki-app.vercel.app/products:0
[  304794ms] [WARNING] GoTrueClient@sb-wnvttwqlumxoiyfarmlx-auth-token:1 (2.103.0) 2026-06-18T03:03:41.085Z Multiple GoTrueClient instances detected in the same browser context. It is not an error, but this should be avoided as it may produce undefined behavior when used concurrently under the same storage key. @ https://meraki-app.vercel.app/_next/static/chunks/111_upqmph5-v.js:23
[  305040ms] [WARNING] Error while trying to use the following icon from the Manifest: https://meraki-app.vercel.app/icons/icon-192.png (Download error or resource isn't a valid image) @ https://meraki-app.vercel.app/orders:0
[  306741ms] [WARNING] GoTrueClient@sb-wnvttwqlumxoiyfarmlx-auth-token:1 (2.103.0) 2026-06-18T03:03:43.032Z Multiple GoTrueClient instances detected in the same browser context. It is not an error, but this should be avoided as it may produce undefined behavior when used concurrently under the same storage key. @ https://meraki-app.vercel.app/_next/static/chunks/111_upqmph5-v.js:23
[  307139ms] [WARNING] Error while trying to use the following icon from the Manifest: https://meraki-app.vercel.app/icons/icon-192.png (Download error or resource isn't a valid image) @ https://meraki-app.vercel.app/inventory:0
[  308684ms] [WARNING] GoTrueClient@sb-wnvttwqlumxoiyfarmlx-auth-token:1 (2.103.0) 2026-06-18T03:03:44.974Z Multiple GoTrueClient instances detected in the same browser context. It is not an error, but this should be avoided as it may produce undefined behavior when used concurrently under the same storage key. @ https://meraki-app.vercel.app/_next/static/chunks/111_upqmph5-v.js:23
[  308917ms] [WARNING] Error while trying to use the following icon from the Manifest: https://meraki-app.vercel.app/icons/icon-192.png (Download error or resource isn't a valid image) @ https://meraki-app.vercel.app/billing:0
[  310270ms] [VERBOSE] [DOM] Password field is not contained in a form: (More info: https://goo.gl/9p2vKq) %o @ https://meraki-app.vercel.app/admin:0
[  310274ms] [WARNING] GoTrueClient@sb-wnvttwqlumxoiyfarmlx-auth-token:1 (2.103.0) 2026-06-18T03:03:46.564Z Multiple GoTrueClient instances detected in the same browser context. It is not an error, but this should be avoided as it may produce undefined behavior when used concurrently under the same storage key. @ https://meraki-app.vercel.app/_next/static/chunks/111_upqmph5-v.js:23
[  310482ms] [WARNING] Error while trying to use the following icon from the Manifest: https://meraki-app.vercel.app/icons/icon-192.png (Download error or resource isn't a valid image) @ https://meraki-app.vercel.app/admin:0
